# JRE version: Java(TM) SE Runtime Environment (8.0_05-b13) (build 1.8.0_05-b13)
# Java VM: Java HotSpot(TM) 64-Bit Server VM (25.5-b02 mixed mode windows-amd64 compressed oops)
Heap:
 PSYoungGen      total 17920K, used 1029K [0x00000000eab00000, 0x00000000ec280000, 0x0000000100000000)
  eden space 15360K, 4% used [0x00000000eab00000,0x00000000eab9c808,0x00000000eba00000)
  from space 2560K, 15% used [0x00000000eba00000,0x00000000eba64c88,0x00000000ebc80000)
  to   space 2560K, 0% used [0x00000000ec000000,0x00000000ec000000,0x00000000ec280000)
 ParOldGen       total 31232K, used 18453K [0x00000000c0000000, 0x00000000c1e80000, 0x00000000eab00000)
  object space 31232K, 59% used [0x00000000c0000000,0x00000000c1205680,0x00000000c1e80000)
 Metaspace       used 17780K, capacity 18416K, committed 18688K, reserved 1064960K
  class space    used 2057K, capacity 2228K, committed 2304K, reserved 1048576K
GC Heap History (10 events):
Event: 6.394 GC heap before
{Heap before GC invocations=39 (full 0):
 PSYoungGen      total 10240K, used 10000K [0x00000000eab00000, 0x00000000ebb00000, 0x0000000100000000)
  eden space 9728K, 100% used [0x00000000eab00000,0x00000000eb480000,0x00000000eb480000)
  from space 512K, 53% used [0x00000000eba80000,0x00000000ebac4160,0x00000000ebb00000)
  to   space 3072K, 0% used [0x00000000eb500000,0x00000000eb500000,0x00000000eb800000)
 ParOldGen       total 31232K, used 17510K [0x00000000c0000000, 0x00000000c1e80000, 0x00000000eab00000)
  object space 31232K, 56% used [0x00000000c0000000,0x00000000c1119ba8,0x00000000c1e80000)
 Metaspace       used 16046K, capacity 16676K, committed 17024K, reserved 1064960K
  class space    used 1917K, capacity 2094K, committed 2176K, reserved 1048576K
Event: 6.406 GC heap after
Heap after GC invocations=39 (full 0):
 PSYoungGen      total 13312K, used 440K [0x00000000eab00000, 0x00000000ebd00000, 0x0000000100000000)
  eden space 10240K, 0% used [0x00000000eab00000,0x00000000eab00000,0x00000000eb500000)
  from space 3072K, 14% used [0x00000000eb500000,0x00000000eb56e398,0x00000000eb800000)
  to   space 3072K, 0% used [0x00000000eba00000,0x00000000eba00000,0x00000000ebd00000)
 ParOldGen       total 31232K, used 17606K [0x00000000c0000000, 0x00000000c1e80000, 0x00000000eab00000)
  object space 31232K, 56% used [0x00000000c0000000,0x00000000c1131ba8,0x00000000c1e80000)
 Metaspace       used 16046K, capacity 16676K, committed 17024K, reserved 1064960K
  class space    used 1917K, capacity 2094K, committed 2176K, reserved 1048576K
}
Event: 6.527 GC heap before
{Heap before GC invocations=40 (full 0):
 PSYoungGen      total 13312K, used 10680K [0x00000000eab00000, 0x00000000ebd00000, 0x0000000100000000)
  eden space 10240K, 100% used [0x00000000eab00000,0x00000000eb500000,0x00000000eb500000)
  from space 3072K, 14% used [0x00000000eb500000,0x00000000eb56e398,0x00000000eb800000)
  to   space 3072K, 0% used [0x00000000eba00000,0x00000000eba00000,0x00000000ebd00000)
 ParOldGen       total 31232K, used 17606K [0x00000000c0000000, 0x00000000c1e80000, 0x00000000eab00000)
  object space 31232K, 56% used [0x00000000c0000000,0x00000000c1131ba8,0x00000000c1e80000)
 Metaspace       used 16369K, capacity 17040K, committed 17280K, reserved 1064960K
  class space    used 1941K, capacity 2132K, committed 2176K, reserved 1048576K
Event: 6.533 GC heap after
Heap after GC invocations=40 (full 0):
 PSYoungGen      total 15360K, used 256K [0x00000000eab00000, 0x00000000ebd80000, 0x0000000100000000)
  eden space 12288K, 0% used [0x00000000eab00000,0x00000000eab00000,0x00000000eb700000)
  from space 3072K, 8% used [0x00000000eba00000,0x00000000eba40000,0x00000000ebd00000)
  to   space 3072K, 0% used [0x00000000eb700000,0x00000000eb700000,0x00000000eba00000)
 ParOldGen       total 31232K, used 17705K [0x00000000c0000000, 0x00000000c1e80000, 0x00000000eab00000)
  object space 31232K, 56% used [0x00000000c0000000,0x00000000c114a660,0x00000000c1e80000)
 Metaspace       used 16369K, capacity 17040K, committed 17280K, reserved 1064960K
  class space    used 1941K, capacity 2132K, committed 2176K, reserved 1048576K
}
Event: 6.675 GC heap before
{Heap before GC invocations=41 (full 0):
 PSYoungGen      total 15360K, used 12544K [0x00000000eab00000, 0x00000000ebd80000, 0x0000000100000000)
  eden space 12288K, 100% used [0x00000000eab00000,0x00000000eb700000,0x00000000eb700000)
  from space 3072K, 8% used [0x00000000eba00000,0x00000000eba40000,0x00000000ebd00000)
  to   space 3072K, 0% used [0x00000000eb700000,0x00000000eb700000,0x00000000eba00000)
 ParOldGen       total 31232K, used 17705K [0x00000000c0000000, 0x00000000c1e80000, 0x00000000eab00000)
  object space 31232K, 56% used [0x00000000c0000000,0x00000000c114a660,0x00000000c1e80000)
 Metaspace       used 16691K, capacity 17296K, committed 17536K, reserved 1064960K
  class space    used 1963K, capacity 2132K, committed 2176K, reserved 1048576K
Event: 6.676 GC heap after
Heap after GC invocations=41 (full 0):
 PSYoungGen      total 15360K, used 453K [0x00000000eab00000, 0x00000000ec000000, 0x0000000100000000)
  eden space 12288K, 0% used [0x00000000eab00000,0x00000000eab00000,0x00000000eb700000)
  from space 3072K, 14% used [0x00000000eb700000,0x00000000eb7715c0,0x00000000eba00000)
  to   space 3072K, 0% used [0x00000000ebd00000,0x00000000ebd00000,0x00000000ec000000)
 ParOldGen       total 31232K, used 17777K [0x00000000c0000000, 0x00000000c1e80000, 0x00000000eab00000)
  object space 31232K, 56% used [0x00000000c0000000,0x00000000c115c660,0x00000000c1e80000)
 Metaspace       used 16691K, capacity 17296K, committed 17536K, reserved 1064960K
  class space    used 1963K, capacity 2132K, committed 2176K, reserved 1048576K
}
Event: 6.851 GC heap before
{Heap before GC invocations=42 (full 0):
 PSYoungGen      total 15360K, used 12741K [0x00000000eab00000, 0x00000000ec000000, 0x0000000100000000)
  eden space 12288K, 100% used [0x00000000eab00000,0x00000000eb700000,0x00000000eb700000)
  from space 3072K, 14% used [0x00000000eb700000,0x00000000eb7715c0,0x00000000eba00000)
  to   space 3072K, 0% used [0x00000000ebd00000,0x00000000ebd00000,0x00000000ec000000)
 ParOldGen       total 31232K, used 17777K [0x00000000c0000000, 0x00000000c1e80000, 0x00000000eab00000)
  object space 31232K, 56% used [0x00000000c0000000,0x00000000c115c660,0x00000000c1e80000)
 Metaspace       used 17237K, capacity 17872K, committed 18176K, reserved 1064960K
  class space    used 2017K, capacity 2196K, committed 2304K, reserved 1048576K
Event: 6.852 GC heap after
Heap after GC invocations=42 (full 0):
 PSYoungGen      total 17408K, used 830K [0x00000000eab00000, 0x00000000ebf00000, 0x0000000100000000)
  eden space 15360K, 0% used [0x00000000eab00000,0x00000000eab00000,0x00000000eba00000)
  from space 2048K, 40% used [0x00000000ebd00000,0x00000000ebdcfba0,0x00000000ebf00000)
  to   space 2560K, 0% used [0x00000000eba00000,0x00000000eba00000,0x00000000ebc80000)
 ParOldGen       total 31232K, used 17845K [0x00000000c0000000, 0x00000000c1e80000, 0x00000000eab00000)
  object space 31232K, 57% used [0x00000000c0000000,0x00000000c116d670,0x00000000c1e80000)
 Metaspace       used 17237K, capacity 17872K, committed 18176K, reserved 1064960K
  class space    used 2017K, capacity 2196K, committed 2304K, reserved 1048576K
}
Event: 7.075 GC heap before
{Heap before GC invocations=43 (full 0):
 PSYoungGen      total 17408K, used 16190K [0x00000000eab00000, 0x00000000ebf00000, 0x0000000100000000)
  eden space 15360K, 100% used [0x00000000eab00000,0x00000000eba00000,0x00000000eba00000)
  from space 2048K, 40% used [0x00000000ebd00000,0x00000000ebdcfba0,0x00000000ebf00000)
  to   space 2560K, 0% used [0x00000000eba00000,0x00000000eba00000,0x00000000ebc80000)
 ParOldGen       total 31232K, used 17845K [0x00000000c0000000, 0x00000000c1e80000, 0x00000000eab00000)
  object space 31232K, 57% used [0x00000000c0000000,0x00000000c116d670,0x00000000c1e80000)
 Metaspace       used 17773K, capacity 18416K, committed 18688K, reserved 1064960K
  class space    used 2057K, capacity 2228K, committed 2304K, reserved 1048576K
Event: 7.080 GC heap after
Heap after GC invocations=43 (full 0):
 PSYoungGen      total 17920K, used 403K [0x00000000eab00000, 0x00000000ec280000, 0x0000000100000000)
  eden space 15360K, 0% used [0x00000000eab00000,0x00000000eab00000,0x00000000eba00000)
  from space 2560K, 15% used [0x00000000eba00000,0x00000000eba64c88,0x00000000ebc80000)
  to   space 2560K, 0% used [0x00000000ec000000,0x00000000ec000000,0x00000000ec280000)
 ParOldGen       total 31232K, used 18453K [0x00000000c0000000, 0x00000000c1e80000, 0x00000000eab00000)
  object space 31232K, 59% used [0x00000000c0000000,0x00000000c1205680,0x00000000c1e80000)
 Metaspace       used 17773K, capacity 18416K, committed 18688K, reserved 1064960K
  class space    used 2057K, capacity 2228K, committed 2304K, reserved 1048576K
}

